ERROR 2022-09-15 16:56:29,182 [_common.py:_download_and_save:440]
Error while scraping https://www.whoscored.com/Matches/1485186/Live. Retrying... (attempt 1 of 5).
Traceback (most recent call last):
  File "c:\Users\liban\OneDrive\Desktop\soccerdata-master\soccerdata\_common.py", line 423, in _download_and_save
    raise WebDriverException(
selenium.common.exceptions.WebDriverException: Message: Your IP is blocked. Use tor or a proxy to continue scraping.

ERROR 2022-09-15 16:56:46,046 [_common.py:_download_and_save:440]
Error while scraping https://www.whoscored.com/Matches/1485186/Live. Retrying... (attempt 2 of 5).
Traceback (most recent call last):
  File "c:\Users\liban\OneDrive\Desktop\soccerdata-master\soccerdata\_common.py", line 423, in _download_and_save
    raise WebDriverException(
selenium.common.exceptions.WebDriverException: Message: Your IP is blocked. Use tor or a proxy to continue scraping.

ERROR 2022-09-15 16:57:03,298 [_common.py:_download_and_save:440]
Error while scraping https://www.whoscored.com/Matches/1485186/Live. Retrying... (attempt 3 of 5).
Traceback (most recent call last):
  File "c:\Users\liban\OneDrive\Desktop\soccerdata-master\soccerdata\_common.py", line 423, in _download_and_save
    raise WebDriverException(
selenium.common.exceptions.WebDriverException: Message: Your IP is blocked. Use tor or a proxy to continue scraping.

ERROR 2022-09-15 16:59:43,742 [_common.py:_download_and_save:440]
Error while scraping https://www.whoscored.com/Matches/1485189/Live. Retrying... (attempt 1 of 5).
Traceback (most recent call last):
  File "c:\Users\liban\OneDrive\Desktop\soccerdata-master\soccerdata\_common.py", line 423, in _download_and_save
    raise WebDriverException(
selenium.common.exceptions.WebDriverException: Message: Your IP is blocked. Use tor or a proxy to continue scraping.

ERROR 2022-09-15 17:00:40,757 [_common.py:_download_and_save:440]
Error while scraping https://www.whoscored.com/Matches/1485190/Live. Retrying... (attempt 1 of 5).
Traceback (most recent call last):
  File "c:\Users\liban\OneDrive\Desktop\soccerdata-master\soccerdata\_common.py", line 423, in _download_and_save
    raise WebDriverException(
selenium.common.exceptions.WebDriverException: Message: Your IP is blocked. Use tor or a proxy to continue scraping.

ERROR 2022-09-15 17:02:41,900 [_common.py:_download_and_save:440]
Error while scraping https://www.whoscored.com/Matches/1485193/Live. Retrying... (attempt 1 of 5).
Traceback (most recent call last):
  File "c:\Users\liban\OneDrive\Desktop\soccerdata-master\soccerdata\_common.py", line 423, in _download_and_save
    raise WebDriverException(
selenium.common.exceptions.WebDriverException: Message: Your IP is blocked. Use tor or a proxy to continue scraping.

ERROR 2022-09-15 17:06:23,421 [_common.py:_download_and_save:440]
Error while scraping https://www.whoscored.com/Matches/1485198/Live. Retrying... (attempt 1 of 5).
Traceback (most recent call last):
  File "c:\Users\liban\OneDrive\Desktop\soccerdata-master\soccerdata\_common.py", line 423, in _download_and_save
    raise WebDriverException(
selenium.common.exceptions.WebDriverException: Message: Your IP is blocked. Use tor or a proxy to continue scraping.

ERROR 2022-09-15 17:06:34,910 [_common.py:_download_and_save:440]
Error while scraping https://www.whoscored.com/Matches/1485198/Live. Retrying... (attempt 2 of 5).
Traceback (most recent call last):
  File "c:\Users\liban\OneDrive\Desktop\soccerdata-master\soccerdata\_common.py", line 423, in _download_and_save
    raise WebDriverException(
selenium.common.exceptions.WebDriverException: Message: Your IP is blocked. Use tor or a proxy to continue scraping.

ERROR 2022-09-15 17:06:47,338 [_common.py:_download_and_save:440]
Error while scraping https://www.whoscored.com/Matches/1485198/Live. Retrying... (attempt 3 of 5).
Traceback (most recent call last):
  File "c:\Users\liban\OneDrive\Desktop\soccerdata-master\soccerdata\_common.py", line 423, in _download_and_save
    raise WebDriverException(
selenium.common.exceptions.WebDriverException: Message: Your IP is blocked. Use tor or a proxy to continue scraping.

ERROR 2022-09-15 17:07:03,983 [_common.py:_download_and_save:440]
Error while scraping https://www.whoscored.com/Matches/1485198/Live. Retrying... (attempt 4 of 5).
Traceback (most recent call last):
  File "c:\Users\liban\OneDrive\Desktop\soccerdata-master\soccerdata\_common.py", line 423, in _download_and_save
    raise WebDriverException(
selenium.common.exceptions.WebDriverException: Message: Your IP is blocked. Use tor or a proxy to continue scraping.

ERROR 2022-09-15 17:07:57,937 [_common.py:_download_and_save:440]
Error while scraping https://www.whoscored.com/Matches/1485198/Live. Retrying... (attempt 5 of 5).
Traceback (most recent call last):
  File "c:\Users\liban\OneDrive\Desktop\soccerdata-master\soccerdata\_common.py", line 423, in _download_and_save
    raise WebDriverException(
selenium.common.exceptions.WebDriverException: Message: Your IP is blocked. Use tor or a proxy to continue scraping.

